Arguments: 
  C:\Program Files\nodejs\node.exe C:\Users\91620\AppData\Roaming\npm\node_modules\yarn\bin\yarn.js add @fortawesome/fontawesome-free

PATH: 
  C:\Python312\Scripts\;C:\Python312\;C:\ProgramData\Oracle\Java\javapath;C:\ProgramData\Anaconda3;C:\ProgramData\Anaconda3\Library\mingw-w64\bin;C:\ProgramData\Anaconda3\Library\usr\bin;C:\ProgramData\Anaconda3\Library\bin;C:\ProgramData\Anaconda3\Scripts;C:\Windows\system32;C:\Windows;C:\Windows\System32\Wbem;C:\Windows\System32\WindowsPowerShell\v1.0\;C:\Windows\System32\OpenSSH\;C:\Program Files (x86)\NVIDIA Corporation\PhysX\Common;C:\Program Files\NVIDIA Corporation\NVIDIA NvDLISR;C:\WINDOWS\system32;C:\WINDOWS;C:\WINDOWS\System32\Wbem;C:\WINDOWS\System32\WindowsPowerShell\v1.0\;C:\WINDOWS\System32\OpenSSH\;C:\Program Files\dotnet\;C:\Program Files\Microsoft SQL Server\Client SDK\ODBC\170\Tools\Binn\;C:\ProgramData\chocolatey\bin;C:\Program Files (x86)\dotnet\;C:\WINDOWS\system32;C:\WINDOWS;C:\WINDOWS\System32\Wbem;C:\WINDOWS\System32\WindowsPowerShell\v1.0\;C:\WINDOWS\System32\OpenSSH\;C:\tools\php82;C:\Program Files\Cloudflare\Cloudflare WARP\;C:\Program Files\nodejs\;C:\Program Files\Docker\Docker\resources\bin;C:\composer;C:\xamppnew\php;C:\Program Files\Git\cmd;C:\Users\91620\AppData\Local\Programs\Python\Python311\Scripts\;C:\Users\91620\AppData\Local\Programs\Python\Python311\;C:\Users\91620\AppData\Roaming\ActiveState\bin;C:\Users\91620\AppData\Local\activestate\bin;C:\Users\91620\AppData\Local\Microsoft\WindowsApps;C:\Program Files\JetBrains\PyCharm Community Edition 2020.3.3\bin;C:\Users\91620\.dotnet\tools;C:\src\flutter\bin;C:\Users\91620\AppData\Local\Programs\Microsoft VS Code\bin;C:\Users\91620\AppData\Roaming\npm;C:\Users\91620\AppData\Local\Microsoft\WindowsApps;C:\Program Files\JetBrains\PhpStorm 2023.3.4\bin;;C:\Program Files\JetBrains\WebStorm 2023.3.4\bin;;C:\Users\91620\AppData\Roaming\Composer\vendor\bin;C:\xampp\php;

Yarn version: 
  1.22.19

Node version: 
  20.11.0

Platform: 
  win32 x64

Trace: 
  Error: EPERM: operation not permitted, unlink 'C:\Users\91620\Desktop\New folder\Blog\blog\node_modules\@esbuild\win32-x64\esbuild.exe'

npm manifest: 
  {
    "name": "blog",
    "version": "0.0.0",
    "scripts": {
      "ng": "ng",
      "start": "ng serve",
      "build": "ng build",
      "watch": "ng build --watch --configuration development",
      "test": "ng test"
    },
    "private": true,
    "dependencies": {
      "@angular/animations": "^17.1.0",
      "@angular/common": "^17.1.0",
      "@angular/compiler": "^17.1.0",
      "@angular/core": "^17.1.0",
      "@angular/forms": "^17.1.0",
      "@angular/platform-browser": "^17.1.0",
      "@angular/platform-browser-dynamic": "^17.1.0",
      "@angular/router": "^17.1.0",
      "@fortawesome/fontawesome-free": "^6.5.1",
      "rxjs": "~7.8.0",
      "tslib": "^2.3.0",
      "zone.js": "~0.14.3"
    },
    "devDependencies": {
      "@angular-devkit/build-angular": "^17.1.2",
      "@angular/cli": "^17.1.2",
      "@angular/compiler-cli": "^17.1.0",
      "@types/jasmine": "~5.1.0",
      "jasmine-core": "~5.1.0",
      "karma": "~6.4.0",
      "karma-chrome-launcher": "~3.2.0",
      "karma-coverage": "~2.2.0",
      "karma-jasmine": "~5.1.0",
      "karma-jasmine-html-reporter": "~2.1.0",
      "typescript": "~5.3.2"
    }
  }

yarn manifest: 
  No manifest

Lockfile: 
  No lockfile
